<?xml version="1.0" encoding="UTF-8"?>
<testsuite xmlns:xsi="http://www.w3.org/2001/XMLSchema-instance" xsi:noNamespaceSchemaLocation="https://maven.apache.org/surefire/maven-surefire-plugin/xsd/surefire-test-report-3.0.xsd" version="3.0" name="ir.ramtung.tinyme.domain.MinimumQuantityTest" time="0.953" tests="10" errors="0" skipped="0" failures="0">
  <properties>
[...]
</properties>
  <testcase name="invalid_order_if_minimum_quantity_less_than_zero" classname="ir.ramtung.tinyme.domain.MinimumQuantityTest" time="0.049">
    <system-out><![CDATA[2024-04-27T12:09:41.506+03:30  INFO 11005 --- [           main] t.c.s.AnnotationConfigContextLoaderUtils : Could not detect default configuration classes for test class [ir.ramtung.tinyme.domain.MinimumQuantityTest]: MinimumQuantityTest does not declare any static, non-private, non-final, nested classes annotated with @Configuration.
2024-04-27T12:09:41.557+03:30  INFO 11005 --- [           main] .b.t.c.SpringBootTestContextBootstrapper : Found @SpringBootConfiguration ir.ramtung.tinyme.TinyMeApplication for test class ir.ramtung.tinyme.domain.MinimumQuantityTest

  .   ____          _            __ _ _
 /\\ / ___'_ __ _ _(_)_ __  __ _ \ \ \ \
( ( )\___ | '_ | '_| | '_ \/ _` | \ \ \ \
 \\/  ___)| |_)| | | | | || (_| |  ) ) ) )
  '  |____| .__|_| |_|_| |_\__, | / / / /
 =========|_|==============|___/=/_/_/_/
 :: Spring Boot ::                (v3.2.0)

2024-04-27T12:09:41.647+03:30  INFO 11005 --- [           main] i.r.tinyme.domain.MinimumQuantityTest    : Starting MinimumQuantityTest using Java 17.0.10 with PID 11005 (started by nakhoshi in /home/nakhoshi/SE/ca5/SE1-CA5-master-1/SE1-CA5-master)
2024-04-27T12:09:41.647+03:30  INFO 11005 --- [           main] i.r.tinyme.domain.MinimumQuantityTest    : The following 1 profile is active: "test"
2024-04-27T12:09:42.288+03:30  INFO 11005 --- [           main] i.r.tinyme.domain.MinimumQuantityTest    : Started MinimumQuantityTest in 0.722 seconds (process running for 7.783)
]]></system-out>
  </testcase>
  <testcase name="invalid_buy_order_if_minimum_quantity_more_than_quantity" classname="ir.ramtung.tinyme.domain.MinimumQuantityTest" time="0.007"/>
  <testcase name="update_request_does_not_check_the_minimum_quantity" classname="ir.ramtung.tinyme.domain.MinimumQuantityTest" time="0.01"/>
  <testcase name="invalid_iceberg_buy_order_if_minimum_quantity_more_than_buy_quantity" classname="ir.ramtung.tinyme.domain.MinimumQuantityTest" time="0.009"/>
  <testcase name="new_buy_order_matches_if_minimum_execution_quantity_is_riched" classname="ir.ramtung.tinyme.domain.MinimumQuantityTest" time="0.016"/>
  <testcase name="update_order_if_minimum_quantity_not_changed" classname="ir.ramtung.tinyme.domain.MinimumQuantityTest" time="0.006"/>
  <testcase name="invalid_update_order_if_minimum_quantity_has_changed" classname="ir.ramtung.tinyme.domain.MinimumQuantityTest" time="0.006"/>
  <testcase name="new_iceberg_buy_order_matches_with_the_first_buy_with_minimum_quantity_less_than_buy_quantity" classname="ir.ramtung.tinyme.domain.MinimumQuantityTest" time="0.007"/>
  <testcase name="invalid_update_order_if_minimum_quantity_more_than_quantity" classname="ir.ramtung.tinyme.domain.MinimumQuantityTest" time="0.007"/>
  <testcase name="reject_order_if_minimum_executed_quantity_not_meeted" classname="ir.ramtung.tinyme.domain.MinimumQuantityTest" time="0.006"/>
</testsuite>